<?xml version="1.0" encoding="UTF-8"?>
<testng-results skipped="0" failed="0" ignored="0" total="2" passed="2">
  <reporter-output>
  </reporter-output>
  <suite name="Default suite" duration-ms="748" started-at="2019-09-24T08:26:04 IST" finished-at="2019-09-24T08:26:05 IST">
    <groups>
      <group name="cucumber">
        <method signature="AbstractTestNGCucumberTests.feature(cucumber.api.testng.CucumberFeatureWrapper)[pri:0, instance:com.mindtree.runner.TestRunner@587d1d39]" name="feature" class="cucumber.api.testng.AbstractTestNGCucumberTests"/>
      </group> <!-- cucumber -->
    </groups>
    <test name="Default test" duration-ms="748" started-at="2019-09-24T08:26:04 IST" finished-at="2019-09-24T08:26:05 IST">
      <class name="com.mindtree.runner.TestRunner">
        <test-method status="PASS" signature="setUpClass()[pri:0, instance:com.mindtree.runner.TestRunner@587d1d39]" name="setUpClass" is-config="true" duration-ms="346" started-at="2019-09-24T08:26:04 IST" finished-at="2019-09-24T08:26:04 IST">
          <reporter-output>
          </reporter-output>
        </test-method> <!-- setUpClass -->
        <test-method status="PASS" signature="feature(cucumber.api.testng.CucumberFeatureWrapper)[pri:0, instance:com.mindtree.runner.TestRunner@587d1d39]" name="feature" duration-ms="54" started-at="2019-09-24T08:26:05 IST" description="Runs Cucumber Feature" data-provider="features" finished-at="2019-09-24T08:26:05 IST">
          <params>
            <param index="0">
              <value>
                <![CDATA[Flight booking]]>
              </value>
            </param>
          </params>
          <reporter-output>
          </reporter-output>
        </test-method> <!-- feature -->
        <test-method status="PASS" signature="feature(cucumber.api.testng.CucumberFeatureWrapper)[pri:0, instance:com.mindtree.runner.TestRunner@587d1d39]" name="feature" duration-ms="12" started-at="2019-09-24T08:26:05 IST" description="Runs Cucumber Feature" data-provider="features" finished-at="2019-09-24T08:26:05 IST">
          <params>
            <param index="0">
              <value>
                <![CDATA[Login]]>
              </value>
            </param>
          </params>
          <reporter-output>
          </reporter-output>
        </test-method> <!-- feature -->
        <test-method status="PASS" signature="tearDownClass()[pri:0, instance:com.mindtree.runner.TestRunner@587d1d39]" name="tearDownClass" is-config="true" duration-ms="12" started-at="2019-09-24T08:26:05 IST" finished-at="2019-09-24T08:26:05 IST">
          <reporter-output>
          </reporter-output>
        </test-method> <!-- tearDownClass -->
      </class> <!-- com.mindtree.runner.TestRunner -->
    </test> <!-- Default test -->
  </suite> <!-- Default suite -->
</testng-results>
